zzINFO: 2025/09/15 18:16:02 control.go:56: delete请求: https://httpbin.org/get
INFO: 2025/09/15 21:13:45 control.go:56: delete请求: https://httpbin.org/get
INFO: 2025/09/15 21:14:05 control.go:56: delete请求: https://httpbin.org/delete
INFO: 2025/09/15 21:14:31 control.go:56: delete请求: https://httpbin.org/post
INFO: 2025/09/15 21:15:44 control.go:56: delete请求: https://httpbin.org/post
INFO: 2025/09/15 21:17:18 control.go:48: post请求: https://httpbin.org/post
INFO: 2025/09/15 21:27:24 control.go:48: post请求: https://httpbin.org/post
INFO: 2025/09/20 14:29:54 control.go:48: post请求: https://httpbin.org/post
INFO: 2025/09/20 14:32:10 control.go:48: post请求: https://httpbin.org/post
INFO: 2025/09/20 14:33:16 control.go:48: post请求: https://httpbin.org/post
INFO: 2025/09/20 14:35:08 control.go:48: post请求: https://httpbin.org/post
INFO: 2025/09/20 14:39:07 control.go:48: post请求: localhost:8085/aaa
INFO: 2025/09/20 14:40:29 control.go:48: post请求: http://localhost:8085/aaa
INFO: 2025/09/20 14:40:39 control.go:48: post请求: http://localhost:8085/aaa
INFO: 2025/09/20 15:55:06 control.go:48: post请求: http://localhost:8085/aaa
INFO: 2025/09/20 15:55:11 control.go:48: post请求: http://localhost:8085/aaa
INFO: 2025/09/20 15:55:12 control.go:48: post请求: http://localhost:8085/aaa
INFO: 2025/09/20 15:55:15 control.go:48: post请求: http://localhost:8085/aaa
INFO: 2025/09/20 15:55:16 control.go:48: post请求: http://localhost:8085/aaa
INFO: 2025/09/20 15:55:17 control.go:48: post请求: http://localhost:8085/aaa
INFO: 2025/09/20 16:02:40 control.go:48: post请求: http://localhost:8085/aaa
INFO: 2025/09/20 16:03:10 control.go:48: post请求: http://localhost:8085/aaa
INFO: 2025/09/20 16:03:15 control.go:48: post请求: http://localhost:8085/aaa
INFO: 2025/09/20 16:04:29 control.go:48: post请求: http://localhost:8085/aaa
INFO: 2025/09/20 16:04:40 control.go:48: post请求: http://localhost:8085/aaa
INFO: 2025/09/20 16:04:43 control.go:48: post请求: http://localhost:8085/aaa
INFO: 2025/09/20 16:04:44 control.go:48: post请求: http://localhost:8085/aaa
INFO: 2025/09/20 16:04:45 control.go:48: post请求: http://localhost:8085/aaa
INFO: 2025/09/20 16:04:46 control.go:48: post请求: http://localhost:8085/aaa
INFO: 2025/09/20 16:04:47 control.go:48: post请求: http://localhost:8085/aaa
INFO: 2025/09/20 16:08:33 control.go:48: post请求: http://localhost:8085/aaa
INFO: 2025/09/20 16:08:39 control.go:48: post请求: http://localhost:8085/aaa
INFO: 2025/09/20 16:08:40 control.go:48: post请求: http://localhost:8085/aaa
INFO: 2025/09/20 16:11:22 control.go:48: post请求: http://localhost:8085/aaa
INFO: 2025/09/20 16:11:25 control.go:48: post请求: http://localhost:8085/aaa
INFO: 2025/09/20 16:11:26 control.go:48: post请求: http://localhost:8085/aaa
INFO: 2025/09/20 16:11:27 control.go:48: post请求: http://localhost:8085/aaa
INFO: 2025/09/20 16:11:42 control.go:48: post请求: http://localhost:8085/aaa
INFO: 2025/09/20 16:11:44 control.go:48: post请求: http://localhost:8085/aaa
INFO: 2025/09/20 16:11:50 control.go:48: post请求: http://localhost:8085/aaa
INFO: 2025/09/20 16:11:51 control.go:48: post请求: http://localhost:8085/aaa
INFO: 2025/09/20 16:11:52 control.go:48: post请求: http://localhost:8085/aaa
INFO: 2025/09/20 16:12:06 control.go:48: post请求: http://localhost:8085/aaa
INFO: 2025/09/20 16:12:15 control.go:48: post请求: http://localhost:8085/aaa
INFO: 2025/09/20 16:13:47 control.go:48: post请求: http://localhost:8085/aaa
INFO: 2025/09/20 16:14:03 control.go:48: post请求: http://localhost:8085/aaa
INFO: 2025/09/21 15:36:05 control.go:48: post请求: http://localhost:8085/aaa
INFO: 2025/09/21 15:38:03 control.go:48: post请求: http://localhost:8085/aaa
INFO: 2025/09/21 15:39:35 control.go:48: post请求: http://localhost:8085/aaa
INFO: 2025/09/21 15:41:16 control.go:48: post请求: http://localhost:8085/aaa
INFO: 2025/09/21 15:42:40 control.go:48: post请求: http://localhost:8085/aaa
INFO: 2025/09/21 15:43:49 control.go:48: post请求: http://localhost:8085/aaa
INFO: 2025/09/21 15:44:43 control.go:48: post请求: http://localhost:8085/aaa
INFO: 2025/09/21 15:46:08 control.go:48: post请求: http://localhost:8085/aaa
INFO: 2025/09/21 16:18:09 control.go:48: post请求: http://localhost:8085/aaa
INFO: 2025/09/23 21:03:16 control.go:48: post请求: http://localhost:8085/aaa
INFO: 2025/09/23 21:06:46 control.go:48: post请求: http://localhost:8085/aaa
INFO: 2025/09/23 21:18:50 control.go:48: post请求: http://localhost:8085/aaa
INFO: 2025/09/23 21:26:17 control.go:48: post请求: http://localhost:8085/aaa
INFO: 2025/09/23 21:26:18 control.go:48: post请求: http://localhost:8085/aaa
INFO: 2025/09/23 21:35:42 control.go:48: post请求: http://localhost:8085/aaa
INFO: 2025/09/23 21:40:01 control.go:48: post请求: http://localhost:8085/aaa
INFO: 2025/09/23 21:40:13 control.go:48: post请求: http://localhost:8085/aaa
INFO: 2025/09/23 21:42:42 control.go:48: post请求: http://localhost:8085/aaa
INFO: 2025/09/23 21:43:55 control.go:48: post请求: http://localhost:8085/aaa
INFO: 2025/09/24 15:19:48 control.go:48: post请求: localhost:8085/aaa
INFO: 2025/09/24 15:20:02 control.go:48: post请求: localhost:8085/aaa
INFO: 2025/09/24 15:20:26 control.go:48: post请求: http://localhost:8085/aaa
INFO: 2025/09/24 15:20:51 control.go:48: post请求: http://localhost:8085/aaa
INFO: 2025/09/24 15:25:00 control.go:48: post请求: http://localhost:8085/aaa
INFO: 2025/09/24 15:26:47 control.go:48: post请求: http://localhost:8085/aaa
INFO: 2025/09/24 15:44:18 control.go:48: post请求: http://localhost:8085/aaa
INFO: 2025/09/24 15:44:18 control.go:48: post请求: http://localhost:8085/aaa
